<?xml version="1.0" encoding="UTF-8"?>
<testng-results ignored="0" total="1" passed="1" failed="0" skipped="0">
  <reporter-output>
  </reporter-output>
  <suite started-at="2022-07-11T17:06:53 IST" name="Default suite" finished-at="2022-07-11T17:07:13 IST" duration-ms="19283">
    <groups>
    </groups>
    <test started-at="2022-07-11T17:06:53 IST" name="Default test" finished-at="2022-07-11T17:07:13 IST" duration-ms="19283">
      <class name="com.TestLayer.HomePage_Testing">
        <test-method is-config="true" signature="initialisation()[pri:0, instance:com.TestLayer.HomePage_Testing@543588e6]" started-at="2022-07-11T17:06:53 IST" name="initialisation" finished-at="2022-07-11T17:07:02 IST" duration-ms="8971" status="PASS">
          <reporter-output>
          </reporter-output>
        </test-method> <!-- initialisation -->
        <test-method signature="testing_validatingHP()[pri:0, instance:com.TestLayer.HomePage_Testing@543588e6]" started-at="2022-07-11T17:07:02 IST" name="testing_validatingHP" finished-at="2022-07-11T17:07:02 IST" duration-ms="16" status="PASS">
          <reporter-output>
          </reporter-output>
        </test-method> <!-- testing_validatingHP -->
        <test-method is-config="true" signature="tearDown()[pri:0, instance:com.TestLayer.HomePage_Testing@543588e6]" started-at="2022-07-11T17:07:02 IST" name="tearDown" finished-at="2022-07-11T17:07:13 IST" duration-ms="10262" status="PASS">
          <reporter-output>
          </reporter-output>
        </test-method> <!-- tearDown -->
      </class> <!-- com.TestLayer.HomePage_Testing -->
    </test> <!-- Default test -->
  </suite> <!-- Default suite -->
</testng-results>
